Arguments: 
  C:\Program Files\nodejs\node.exe C:\Program Files\nodejs\node_modules\yarn\bin\yarn.js add -D eslintyarn add -D eslint \

PATH: 
  C:\Program Files\Oculus\Support\oculus-runtime;C:\Windows\system32;C:\Windows;C:\Windows\System32\Wbem;C:\Windows\System32\WindowsPowerShell\v1.0\;C:\Windows\System32\OpenSSH\;C:\Program Files\Git\cmd;C:\Users\son.phan\AppData\Roaming\nvm;C:\Program Files\nodejs;C:\Program Files\dotnet\;C:\Users\son.phan\AppData\Local\pnpm;C:\Users\son.phan\AppData\Local\Microsoft\WindowsApps;C:\Users\son.phan\AppData\Local\Programs\Microsoft VS Code\bin;C:\Users\son.phan\AppData\Roaming\nvm;C:\Program Files\nodejs;C:\Users\son.phan\AppData\Local\GitHubDesktop\bin;C:\Users\son.phan\AppData\Local\Programs\oh-my-posh\bin;C:\Program Files (x86)\BrowserStackLocal\

Yarn version: 
  1.22.19

Node version: 
  16.14.0

Platform: 
  win32 x64

Trace: 
  Error: https://registry.yarnpkg.com/eslintyarn: Not found
      at Request.params.callback [as _callback] (C:\Users\son.phan\AppData\Roaming\nvm\v16.14.0\node_modules\yarn\lib\cli.js:66145:18)
      at Request.self.callback (C:\Users\son.phan\AppData\Roaming\nvm\v16.14.0\node_modules\yarn\lib\cli.js:140890:22)
      at Request.emit (node:events:520:28)
      at Request.<anonymous> (C:\Users\son.phan\AppData\Roaming\nvm\v16.14.0\node_modules\yarn\lib\cli.js:141862:10)
      at Request.emit (node:events:520:28)
      at IncomingMessage.<anonymous> (C:\Users\son.phan\AppData\Roaming\nvm\v16.14.0\node_modules\yarn\lib\cli.js:141784:12)
      at Object.onceWrapper (node:events:639:28)
      at IncomingMessage.emit (node:events:532:35)
      at endReadableNT (node:internal/streams/readable:1346:12)
      at processTicksAndRejections (node:internal/process/task_queues:83:21)

npm manifest: 
  {
    "name": "soha-package",
    "version": "1.0.0",
    "main": "index.js",
    "repository": "https://github.com/congson15/soha-package.git",
    "author": "Soha",
    "license": "MIT",
    "devDependencies": {
      "@tsconfig/node16": "^16.1.0",
      "@types/node": "^20.4.1",
      "typescript": "^5.1.6"
    }
  }

yarn manifest: 
  No manifest

Lockfile: 
  # THIS IS AN AUTOGENERATED FILE. DO NOT EDIT THIS FILE DIRECTLY.
  # yarn lockfile v1
  
  
  "@tsconfig/node16@^16.1.0":
    version "16.1.0"
    resolved "https://registry.yarnpkg.com/@tsconfig/node16/-/node16-16.1.0.tgz#50bf40941c073fb56e4190ff4a3bf28259983770"
    integrity sha512-cfwhqrdZEKS+Iqu1OPDwmKsOV/eo7q4sPhWzOXc1rU77nnPFV3+77yPg8uKQ2e8eir6mERCvrKnd+EGa4qo4bQ==
  
  "@types/node@^20.4.1":
    version "20.4.1"
    resolved "https://registry.yarnpkg.com/@types/node/-/node-20.4.1.tgz#a6033a8718653c50ac4962977e14d0f984d9527d"
    integrity sha512-JIzsAvJeA/5iY6Y/OxZbv1lUcc8dNSE77lb2gnBH+/PJ3lFR1Ccvgwl5JWnHAkNHcRsT0TbpVOsiMKZ1F/yyJg==
  
  typescript@^5.1.6:
    version "5.1.6"
    resolved "https://registry.yarnpkg.com/typescript/-/typescript-5.1.6.tgz#02f8ac202b6dad2c0dd5e0913745b47a37998274"
    integrity sha512-zaWCozRZ6DLEWAWFrVDz1H6FVXzUSfTy5FUMWsQlU8Ym5JP9eO4xkTIROFCQvhQf61z6O/G6ugw3SgAnvvm+HA==
